<?xml version="1.0" encoding="UTF-8"?>
<testsuite name="nl.tudelft.jpacman.board.DirectionTest" tests="5" skipped="0" failures="0" errors="0" timestamp="2026-04-06T20:38:22" hostname="MacBook-Air-Berik.local" time="0.227">
  <properties/>
  <testcase name="no diagonal" classname="nl.tudelft.jpacman.board.DirectionTest" time="0.164"/>
  <testcase name="directions X" classname="nl.tudelft.jpacman.board.DirectionTest" time="0.01"/>
  <testcase name="directions Y" classname="nl.tudelft.jpacman.board.DirectionTest" time="0.005"/>
  <testcase name="cancel out" classname="nl.tudelft.jpacman.board.DirectionTest" time="0.005"/>
  <testcase name="testNorth()" classname="nl.tudelft.jpacman.board.DirectionTest" time="0.008"/>
  <system-out><![CDATA[timestamp = 2026-04-06T13:38:22.176738, DirectionTest:no diagonal = 
                              |-------------------jqwik-------------------
tries = 4                     | # of calls to property
checks = 4                    | # of not rejected calls
generation = EXHAUSTIVE       | parameters are exhaustively generated
after-failure = PREVIOUS_SEED | use the previous seed
when-fixed-seed = ALLOW       | fixing the random seed is allowed
edge-cases#mode = MIXIN       | edge cases are mixed in
edge-cases#total = 0          | # of all combined edge cases
edge-cases#tried = 0          | # of edge cases tried in current run
seed = 3277461833248470066    | random seed to reproduce generated values


timestamp = 2026-04-06T13:38:22.194228, DirectionTest:directions X = 
                              |-------------------jqwik-------------------
tries = 4                     | # of calls to property
checks = 4                    | # of not rejected calls
generation = EXHAUSTIVE       | parameters are exhaustively generated
after-failure = PREVIOUS_SEED | use the previous seed
when-fixed-seed = ALLOW       | fixing the random seed is allowed
edge-cases#mode = MIXIN       | edge cases are mixed in
edge-cases#total = 0          | # of all combined edge cases
edge-cases#tried = 0          | # of edge cases tried in current run
seed = 6326421694819895255    | random seed to reproduce generated values


timestamp = 2026-04-06T13:38:22.198233, DirectionTest:directions Y = 
                              |-------------------jqwik-------------------
tries = 4                     | # of calls to property
checks = 4                    | # of not rejected calls
generation = EXHAUSTIVE       | parameters are exhaustively generated
after-failure = PREVIOUS_SEED | use the previous seed
when-fixed-seed = ALLOW       | fixing the random seed is allowed
edge-cases#mode = MIXIN       | edge cases are mixed in
edge-cases#total = 0          | # of all combined edge cases
edge-cases#tried = 0          | # of edge cases tried in current run
seed = -4250013246424598955   | random seed to reproduce generated values


timestamp = 2026-04-06T13:38:22.205208, DirectionTest:cancel out = 
                              |-------------------jqwik-------------------
tries = 4                     | # of calls to property
checks = 4                    | # of not rejected calls
generation = EXHAUSTIVE       | parameters are exhaustively generated
after-failure = PREVIOUS_SEED | use the previous seed
when-fixed-seed = ALLOW       | fixing the random seed is allowed
edge-cases#mode = MIXIN       | edge cases are mixed in
edge-cases#total = 0          | # of all combined edge cases
edge-cases#tried = 0          | # of edge cases tried in current run
seed = -8529537704008429022   | random seed to reproduce generated values


]]></system-out>
  <system-err><![CDATA[]]></system-err>
</testsuite>
