<?xml version="1.0" encoding="UTF-8"?>
<testsuite name="nl.tudelft.jpacman.board.DirectionTest" tests="2" skipped="0" failures="0" errors="0" timestamp="2026-04-06T20:14:55" hostname="MacBook-Air-Berik.local" time="0.224">
  <properties/>
  <testcase name="directions X" classname="nl.tudelft.jpacman.board.DirectionTest" time="0.173"/>
  <testcase name="testNorth()" classname="nl.tudelft.jpacman.board.DirectionTest" time="0.01"/>
  <system-out><![CDATA[timestamp = 2026-04-06T13:14:55.566018, DirectionTest:directions X = 
                              |-------------------jqwik-------------------
tries = 4                     | # of calls to property
checks = 4                    | # of not rejected calls
generation = EXHAUSTIVE       | parameters are exhaustively generated
after-failure = PREVIOUS_SEED | use the previous seed
when-fixed-seed = ALLOW       | fixing the random seed is allowed
edge-cases#mode = MIXIN       | edge cases are mixed in
edge-cases#total = 0          | # of all combined edge cases
edge-cases#tried = 0          | # of edge cases tried in current run
seed = 5078277103589853606    | random seed to reproduce generated values


]]></system-out>
  <system-err><![CDATA[]]></system-err>
</testsuite>
