<?xml version="1.0" encoding="UTF-8"?>
<testsuite name="nl.tudelft.jpacman.level.LevelTest" tests="8" skipped="0" failures="0" errors="0" timestamp="2026-04-07T03:01:27" hostname="gm-pc" time="0.176">
  <properties/>
  <testcase name="startStop()" classname="nl.tudelft.jpacman.level.LevelTest" time="0.046"/>
  <testcase name="registerSecondPlayer()" classname="nl.tudelft.jpacman.level.LevelTest" time="0.111"/>
  <testcase name="registerThirdPlayer()" classname="nl.tudelft.jpacman.level.LevelTest" time="0.001"/>
  <testcase name="registerPlayerTwice()" classname="nl.tudelft.jpacman.level.LevelTest" time="0.001"/>
  <testcase name="registerPlayer()" classname="nl.tudelft.jpacman.level.LevelTest" time="0.001"/>
  <testcase name="stop()" classname="nl.tudelft.jpacman.level.LevelTest" time="0.001"/>
  <testcase name="start()" classname="nl.tudelft.jpacman.level.LevelTest" time="0.003"/>
  <testcase name="noStart()" classname="nl.tudelft.jpacman.level.LevelTest" time="0.003"/>
  <system-out><![CDATA[]]></system-out>
  <system-err><![CDATA[]]></system-err>
</testsuite>
