<?xml version="1.0" encoding="UTF-8"?>
<testsuite name="nl.tudelft.jpacman.board.BoardFactoryTest" tests="5" skipped="0" failures="0" errors="0" timestamp="2026-04-06T20:14:52" hostname="MacBook-Air-Berik.local" time="0.589">
  <properties/>
  <testcase name="connectedEast()" classname="nl.tudelft.jpacman.board.BoardFactoryTest" time="0.567"/>
  <testcase name="connectedWest()" classname="nl.tudelft.jpacman.board.BoardFactoryTest" time="0.001"/>
  <testcase name="worldIsRound()" classname="nl.tudelft.jpacman.board.BoardFactoryTest" time="0.016"/>
  <testcase name="connectedNorth()" classname="nl.tudelft.jpacman.board.BoardFactoryTest" time="0.001"/>
  <testcase name="connectedSouth()" classname="nl.tudelft.jpacman.board.BoardFactoryTest" time="0.002"/>
  <system-out><![CDATA[]]></system-out>
  <system-err><![CDATA[]]></system-err>
</testsuite>
