<?xml version="1.0" encoding="UTF-8"?>
<testsuite name="nl.tudelft.jpacman.board.SquareTest" tests="3" skipped="0" failures="0" errors="0" timestamp="2026-04-07T03:01:26" hostname="gm-pc" time="0.042">
  <properties/>
  <testcase name="testLeave()" classname="nl.tudelft.jpacman.board.SquareTest" time="0.036"/>
  <testcase name="testOrder()" classname="nl.tudelft.jpacman.board.SquareTest" time="0.003"/>
  <testcase name="testOccupy()" classname="nl.tudelft.jpacman.board.SquareTest" time="0.002"/>
  <system-out><![CDATA[]]></system-out>
  <system-err><![CDATA[]]></system-err>
</testsuite>
